[2020-02-01 21:49:23] local.ERROR: exception 'InvalidArgumentException' with message 'Please provide a valid cache path.' in D:\xampp7\htdocs\digoreste\vendor\laravel\framework\src\Illuminate\View\Compilers\Compiler.php:36
Stack trace:
#0 D:\xampp7\htdocs\digoreste\vendor\laravel\framework\src\Illuminate\View\ViewServiceProvider.php(77): Illuminate\View\Compilers\Compiler->__construct(Object(Illuminate\Filesystem\Filesystem), false)
#1 D:\xampp7\htdocs\digoreste\vendor\laravel\framework\src\Illuminate\Container\Container.php(746): Illuminate\View\ViewServiceProvider->Illuminate\View\{closure}(Object(Illuminate\Foundation\Application), Array)
#2 D:\xampp7\htdocs\digoreste\vendor\laravel\framework\src\Illuminate\Container\Container.php(644): Illuminate\Container\Container->build(Object(Closure), Array)
#3 D:\xampp7\htdocs\digoreste\vendor\laravel\framework\src\Illuminate\Foundation\Application.php(709): Illuminate\Container\Container->make('blade.compiler', Array)
#4 D:\xampp7\htdocs\digoreste\vendor\laravel\framework\src\Illuminate\Container\Container.php(1203): Illuminate\Foundation\Application->make('blade.compiler')
#5 D:\xampp7\htdocs\digoreste\vendor\laravel\framework\src\Illuminate\View\ViewServiceProvider.php(81): Illuminate\Container\Container->offsetGet('blade.compiler')
#6 [internal function]: Illuminate\View\ViewServiceProvider->Illuminate\View\{closure}()
#7 D:\xampp7\htdocs\digoreste\vendor\laravel\framework\src\Illuminate\View\Engines\EngineResolver.php(54): call_user_func(Object(Closure))
#8 D:\xampp7\htdocs\digoreste\vendor\jeroennoten\laravel-package-helper\src\ServiceProviderTraits\Blade.php(30): Illuminate\View\Engines\EngineResolver->resolve('blade')
#9 D:\xampp7\htdocs\digoreste\vendor\jeroennoten\laravel-package-helper\src\ServiceProviderTraits\Blade.php(21): JeroenNoten\LaravelCkEditor\ServiceProvider->getBladeEngine()
#10 D:\xampp7\htdocs\digoreste\vendor\jeroennoten\laravel-package-helper\src\ServiceProviderTraits\BladeDirective.php(11): JeroenNoten\LaravelCkEditor\ServiceProvider->getBlade()
#11 D:\xampp7\htdocs\digoreste\vendor\jeroennoten\laravel-ckeditor\src\ServiceProvider.php(23): JeroenNoten\LaravelCkEditor\ServiceProvider->bladeDirective('ckeditor', 'JeroenNoten\\Lar...', 'editor')
#12 [internal function]: JeroenNoten\LaravelCkEditor\ServiceProvider->boot(Object(Illuminate\Routing\Router))
#13 D:\xampp7\htdocs\digoreste\vendor\laravel\framework\src\Illuminate\Container\Container.php(508): call_user_func_array(Array, Array)
#14 D:\xampp7\htdocs\digoreste\vendor\laravel\framework\src\Illuminate\Foundation\Application.php(769): Illuminate\Container\Container->call(Array)
#15 D:\xampp7\htdocs\digoreste\vendor\laravel\framework\src\Illuminate\Foundation\Application.php(752): Illuminate\Foundation\Application->bootProvider(Object(JeroenNoten\LaravelCkEditor\ServiceProvider))
#16 [internal function]: Illuminate\Foundation\Application->Illuminate\Foundation\{closure}(Object(JeroenNoten\LaravelCkEditor\ServiceProvider), 12)
#17 D:\xampp7\htdocs\digoreste\vendor\laravel\framework\src\Illuminate\Foundation\Application.php(753): array_walk(Array, Object(Closure))
#18 D:\xampp7\htdocs\digoreste\vendor\laravel\framework\src\Illuminate\Foundation\Bootstrap\BootProviders.php(17): Illuminate\Foundation\Application->boot()
#19 D:\xampp7\htdocs\digoreste\vendor\laravel\framework\src\Illuminate\Foundation\Application.php(203): Illuminate\Foundation\Bootstrap\BootProviders->bootstrap(Object(Illuminate\Foundation\Application))
#20 D:\xampp7\htdocs\digoreste\vendor\laravel\framework\src\Illuminate\Foundation\Console\Kernel.php(267): Illuminate\Foundation\Application->bootstrapWith(Array)
#21 D:\xampp7\htdocs\digoreste\vendor\laravel\framework\src\Illuminate\Foundation\Console\Kernel.php(113): Illuminate\Foundation\Console\Kernel->bootstrap()
#22 D:\xampp7\htdocs\digoreste\artisan(36): Illuminate\Foundation\Console\Kernel->handle(Object(Symfony\Component\Console\Input\ArgvInput), Object(Symfony\Component\Console\Output\ConsoleOutput))
#23 {main}  
[2020-02-01 21:49:29] local.ERROR: exception 'InvalidArgumentException' with message 'Please provide a valid cache path.' in D:\xampp7\htdocs\digoreste\vendor\laravel\framework\src\Illuminate\View\Compilers\Compiler.php:36
Stack trace:
#0 D:\xampp7\htdocs\digoreste\vendor\laravel\framework\src\Illuminate\View\ViewServiceProvider.php(77): Illuminate\View\Compilers\Compiler->__construct(Object(Illuminate\Filesystem\Filesystem), false)
#1 D:\xampp7\htdocs\digoreste\vendor\laravel\framework\src\Illuminate\Container\Container.php(746): Illuminate\View\ViewServiceProvider->Illuminate\View\{closure}(Object(Illuminate\Foundation\Application), Array)
#2 D:\xampp7\htdocs\digoreste\vendor\laravel\framework\src\Illuminate\Container\Container.php(644): Illuminate\Container\Container->build(Object(Closure), Array)
#3 D:\xampp7\htdocs\digoreste\vendor\laravel\framework\src\Illuminate\Foundation\Application.php(709): Illuminate\Container\Container->make('blade.compiler', Array)
#4 D:\xampp7\htdocs\digoreste\vendor\laravel\framework\src\Illuminate\Container\Container.php(1203): Illuminate\Foundation\Application->make('blade.compiler')
#5 D:\xampp7\htdocs\digoreste\vendor\laravel\framework\src\Illuminate\View\ViewServiceProvider.php(81): Illuminate\Container\Container->offsetGet('blade.compiler')
#6 [internal function]: Illuminate\View\ViewServiceProvider->Illuminate\View\{closure}()
#7 D:\xampp7\htdocs\digoreste\vendor\laravel\framework\src\Illuminate\View\Engines\EngineResolver.php(54): call_user_func(Object(Closure))
#8 D:\xampp7\htdocs\digoreste\vendor\jeroennoten\laravel-package-helper\src\ServiceProviderTraits\Blade.php(30): Illuminate\View\Engines\EngineResolver->resolve('blade')
#9 D:\xampp7\htdocs\digoreste\vendor\jeroennoten\laravel-package-helper\src\ServiceProviderTraits\Blade.php(21): JeroenNoten\LaravelCkEditor\ServiceProvider->getBladeEngine()
#10 D:\xampp7\htdocs\digoreste\vendor\jeroennoten\laravel-package-helper\src\ServiceProviderTraits\BladeDirective.php(11): JeroenNoten\LaravelCkEditor\ServiceProvider->getBlade()
#11 D:\xampp7\htdocs\digoreste\vendor\jeroennoten\laravel-ckeditor\src\ServiceProvider.php(23): JeroenNoten\LaravelCkEditor\ServiceProvider->bladeDirective('ckeditor', 'JeroenNoten\\Lar...', 'editor')
#12 [internal function]: JeroenNoten\LaravelCkEditor\ServiceProvider->boot(Object(Illuminate\Routing\Router))
#13 D:\xampp7\htdocs\digoreste\vendor\laravel\framework\src\Illuminate\Container\Container.php(508): call_user_func_array(Array, Array)
#14 D:\xampp7\htdocs\digoreste\vendor\laravel\framework\src\Illuminate\Foundation\Application.php(769): Illuminate\Container\Container->call(Array)
#15 D:\xampp7\htdocs\digoreste\vendor\laravel\framework\src\Illuminate\Foundation\Application.php(752): Illuminate\Foundation\Application->bootProvider(Object(JeroenNoten\LaravelCkEditor\ServiceProvider))
#16 [internal function]: Illuminate\Foundation\Application->Illuminate\Foundation\{closure}(Object(JeroenNoten\LaravelCkEditor\ServiceProvider), 12)
#17 D:\xampp7\htdocs\digoreste\vendor\laravel\framework\src\Illuminate\Foundation\Application.php(753): array_walk(Array, Object(Closure))
#18 D:\xampp7\htdocs\digoreste\vendor\laravel\framework\src\Illuminate\Foundation\Bootstrap\BootProviders.php(17): Illuminate\Foundation\Application->boot()
#19 D:\xampp7\htdocs\digoreste\vendor\laravel\framework\src\Illuminate\Foundation\Application.php(203): Illuminate\Foundation\Bootstrap\BootProviders->bootstrap(Object(Illuminate\Foundation\Application))
#20 D:\xampp7\htdocs\digoreste\vendor\laravel\framework\src\Illuminate\Foundation\Console\Kernel.php(267): Illuminate\Foundation\Application->bootstrapWith(Array)
#21 D:\xampp7\htdocs\digoreste\vendor\laravel\framework\src\Illuminate\Foundation\Console\Kernel.php(113): Illuminate\Foundation\Console\Kernel->bootstrap()
#22 D:\xampp7\htdocs\digoreste\artisan(36): Illuminate\Foundation\Console\Kernel->handle(Object(Symfony\Component\Console\Input\ArgvInput), Object(Symfony\Component\Console\Output\ConsoleOutput))
#23 {main}  
[2020-02-01 21:49:45] local.ERROR: exception 'InvalidArgumentException' with message 'Please provide a valid cache path.' in D:\xampp7\htdocs\digoreste\vendor\laravel\framework\src\Illuminate\View\Compilers\Compiler.php:36
Stack trace:
#0 D:\xampp7\htdocs\digoreste\vendor\laravel\framework\src\Illuminate\View\ViewServiceProvider.php(77): Illuminate\View\Compilers\Compiler->__construct(Object(Illuminate\Filesystem\Filesystem), false)
#1 D:\xampp7\htdocs\digoreste\vendor\laravel\framework\src\Illuminate\Container\Container.php(746): Illuminate\View\ViewServiceProvider->Illuminate\View\{closure}(Object(Illuminate\Foundation\Application), Array)
#2 D:\xampp7\htdocs\digoreste\vendor\laravel\framework\src\Illuminate\Container\Container.php(644): Illuminate\Container\Container->build(Object(Closure), Array)
#3 D:\xampp7\htdocs\digoreste\vendor\laravel\framework\src\Illuminate\Foundation\Application.php(709): Illuminate\Container\Container->make('blade.compiler', Array)
#4 D:\xampp7\htdocs\digoreste\vendor\laravel\framework\src\Illuminate\Container\Container.php(1203): Illuminate\Foundation\Application->make('blade.compiler')
#5 D:\xampp7\htdocs\digoreste\vendor\laravel\framework\src\Illuminate\View\ViewServiceProvider.php(81): Illuminate\Container\Container->offsetGet('blade.compiler')
#6 [internal function]: Illuminate\View\ViewServiceProvider->Illuminate\View\{closure}()
#7 D:\xampp7\htdocs\digoreste\vendor\laravel\framework\src\Illuminate\View\Engines\EngineResolver.php(54): call_user_func(Object(Closure))
#8 D:\xampp7\htdocs\digoreste\vendor\jeroennoten\laravel-package-helper\src\ServiceProviderTraits\Blade.php(30): Illuminate\View\Engines\EngineResolver->resolve('blade')
#9 D:\xampp7\htdocs\digoreste\vendor\jeroennoten\laravel-package-helper\src\ServiceProviderTraits\Blade.php(21): JeroenNoten\LaravelCkEditor\ServiceProvider->getBladeEngine()
#10 D:\xampp7\htdocs\digoreste\vendor\jeroennoten\laravel-package-helper\src\ServiceProviderTraits\BladeDirective.php(11): JeroenNoten\LaravelCkEditor\ServiceProvider->getBlade()
#11 D:\xampp7\htdocs\digoreste\vendor\jeroennoten\laravel-ckeditor\src\ServiceProvider.php(23): JeroenNoten\LaravelCkEditor\ServiceProvider->bladeDirective('ckeditor', 'JeroenNoten\\Lar...', 'editor')
#12 [internal function]: JeroenNoten\LaravelCkEditor\ServiceProvider->boot(Object(Illuminate\Routing\Router))
#13 D:\xampp7\htdocs\digoreste\vendor\laravel\framework\src\Illuminate\Container\Container.php(508): call_user_func_array(Array, Array)
#14 D:\xampp7\htdocs\digoreste\vendor\laravel\framework\src\Illuminate\Foundation\Application.php(769): Illuminate\Container\Container->call(Array)
#15 D:\xampp7\htdocs\digoreste\vendor\laravel\framework\src\Illuminate\Foundation\Application.php(752): Illuminate\Foundation\Application->bootProvider(Object(JeroenNoten\LaravelCkEditor\ServiceProvider))
#16 [internal function]: Illuminate\Foundation\Application->Illuminate\Foundation\{closure}(Object(JeroenNoten\LaravelCkEditor\ServiceProvider), 12)
#17 D:\xampp7\htdocs\digoreste\vendor\laravel\framework\src\Illuminate\Foundation\Application.php(753): array_walk(Array, Object(Closure))
#18 D:\xampp7\htdocs\digoreste\vendor\laravel\framework\src\Illuminate\Foundation\Bootstrap\BootProviders.php(17): Illuminate\Foundation\Application->boot()
#19 D:\xampp7\htdocs\digoreste\vendor\laravel\framework\src\Illuminate\Foundation\Application.php(203): Illuminate\Foundation\Bootstrap\BootProviders->bootstrap(Object(Illuminate\Foundation\Application))
#20 D:\xampp7\htdocs\digoreste\vendor\laravel\framework\src\Illuminate\Foundation\Console\Kernel.php(267): Illuminate\Foundation\Application->bootstrapWith(Array)
#21 D:\xampp7\htdocs\digoreste\vendor\laravel\framework\src\Illuminate\Foundation\Console\Kernel.php(113): Illuminate\Foundation\Console\Kernel->bootstrap()
#22 D:\xampp7\htdocs\digoreste\artisan(36): Illuminate\Foundation\Console\Kernel->handle(Object(Symfony\Component\Console\Input\ArgvInput), Object(Symfony\Component\Console\Output\ConsoleOutput))
#23 {main}  
[2020-02-01 21:50:22] local.ERROR: exception 'InvalidArgumentException' with message 'Please provide a valid cache path.' in D:\xampp7\htdocs\digoreste\vendor\laravel\framework\src\Illuminate\View\Compilers\Compiler.php:36
Stack trace:
#0 D:\xampp7\htdocs\digoreste\vendor\laravel\framework\src\Illuminate\View\ViewServiceProvider.php(77): Illuminate\View\Compilers\Compiler->__construct(Object(Illuminate\Filesystem\Filesystem), false)
#1 D:\xampp7\htdocs\digoreste\vendor\laravel\framework\src\Illuminate\Container\Container.php(746): Illuminate\View\ViewServiceProvider->Illuminate\View\{closure}(Object(Illuminate\Foundation\Application), Array)
#2 D:\xampp7\htdocs\digoreste\vendor\laravel\framework\src\Illuminate\Container\Container.php(644): Illuminate\Container\Container->build(Object(Closure), Array)
#3 D:\xampp7\htdocs\digoreste\vendor\laravel\framework\src\Illuminate\Foundation\Application.php(709): Illuminate\Container\Container->make('blade.compiler', Array)
#4 D:\xampp7\htdocs\digoreste\vendor\laravel\framework\src\Illuminate\Container\Container.php(1203): Illuminate\Foundation\Application->make('blade.compiler')
#5 D:\xampp7\htdocs\digoreste\vendor\laravel\framework\src\Illuminate\View\ViewServiceProvider.php(81): Illuminate\Container\Container->offsetGet('blade.compiler')
#6 [internal function]: Illuminate\View\ViewServiceProvider->Illuminate\View\{closure}()
#7 D:\xampp7\htdocs\digoreste\vendor\laravel\framework\src\Illuminate\View\Engines\EngineResolver.php(54): call_user_func(Object(Closure))
#8 D:\xampp7\htdocs\digoreste\vendor\jeroennoten\laravel-package-helper\src\ServiceProviderTraits\Blade.php(30): Illuminate\View\Engines\EngineResolver->resolve('blade')
#9 D:\xampp7\htdocs\digoreste\vendor\jeroennoten\laravel-package-helper\src\ServiceProviderTraits\Blade.php(21): JeroenNoten\LaravelCkEditor\ServiceProvider->getBladeEngine()
#10 D:\xampp7\htdocs\digoreste\vendor\jeroennoten\laravel-package-helper\src\ServiceProviderTraits\BladeDirective.php(11): JeroenNoten\LaravelCkEditor\ServiceProvider->getBlade()
#11 D:\xampp7\htdocs\digoreste\vendor\jeroennoten\laravel-ckeditor\src\ServiceProvider.php(23): JeroenNoten\LaravelCkEditor\ServiceProvider->bladeDirective('ckeditor', 'JeroenNoten\\Lar...', 'editor')
#12 [internal function]: JeroenNoten\LaravelCkEditor\ServiceProvider->boot(Object(Illuminate\Routing\Router))
#13 D:\xampp7\htdocs\digoreste\vendor\laravel\framework\src\Illuminate\Container\Container.php(508): call_user_func_array(Array, Array)
#14 D:\xampp7\htdocs\digoreste\vendor\laravel\framework\src\Illuminate\Foundation\Application.php(769): Illuminate\Container\Container->call(Array)
#15 D:\xampp7\htdocs\digoreste\vendor\laravel\framework\src\Illuminate\Foundation\Application.php(752): Illuminate\Foundation\Application->bootProvider(Object(JeroenNoten\LaravelCkEditor\ServiceProvider))
#16 [internal function]: Illuminate\Foundation\Application->Illuminate\Foundation\{closure}(Object(JeroenNoten\LaravelCkEditor\ServiceProvider), 12)
#17 D:\xampp7\htdocs\digoreste\vendor\laravel\framework\src\Illuminate\Foundation\Application.php(753): array_walk(Array, Object(Closure))
#18 D:\xampp7\htdocs\digoreste\vendor\laravel\framework\src\Illuminate\Foundation\Bootstrap\BootProviders.php(17): Illuminate\Foundation\Application->boot()
#19 D:\xampp7\htdocs\digoreste\vendor\laravel\framework\src\Illuminate\Foundation\Application.php(203): Illuminate\Foundation\Bootstrap\BootProviders->bootstrap(Object(Illuminate\Foundation\Application))
#20 D:\xampp7\htdocs\digoreste\vendor\laravel\framework\src\Illuminate\Foundation\Console\Kernel.php(267): Illuminate\Foundation\Application->bootstrapWith(Array)
#21 D:\xampp7\htdocs\digoreste\vendor\laravel\framework\src\Illuminate\Foundation\Console\Kernel.php(113): Illuminate\Foundation\Console\Kernel->bootstrap()
#22 D:\xampp7\htdocs\digoreste\artisan(36): Illuminate\Foundation\Console\Kernel->handle(Object(Symfony\Component\Console\Input\ArgvInput), Object(Symfony\Component\Console\Output\ConsoleOutput))
#23 {main}  
[2020-02-01 21:50:31] local.ERROR: exception 'InvalidArgumentException' with message 'Please provide a valid cache path.' in D:\xampp7\htdocs\digoreste\vendor\laravel\framework\src\Illuminate\View\Compilers\Compiler.php:36
Stack trace:
#0 D:\xampp7\htdocs\digoreste\vendor\laravel\framework\src\Illuminate\View\ViewServiceProvider.php(77): Illuminate\View\Compilers\Compiler->__construct(Object(Illuminate\Filesystem\Filesystem), false)
#1 D:\xampp7\htdocs\digoreste\vendor\laravel\framework\src\Illuminate\Container\Container.php(746): Illuminate\View\ViewServiceProvider->Illuminate\View\{closure}(Object(Illuminate\Foundation\Application), Array)
#2 D:\xampp7\htdocs\digoreste\vendor\laravel\framework\src\Illuminate\Container\Container.php(644): Illuminate\Container\Container->build(Object(Closure), Array)
#3 D:\xampp7\htdocs\digoreste\vendor\laravel\framework\src\Illuminate\Foundation\Application.php(709): Illuminate\Container\Container->make('blade.compiler', Array)
#4 D:\xampp7\htdocs\digoreste\vendor\laravel\framework\src\Illuminate\Container\Container.php(1203): Illuminate\Foundation\Application->make('blade.compiler')
#5 D:\xampp7\htdocs\digoreste\vendor\laravel\framework\src\Illuminate\View\ViewServiceProvider.php(81): Illuminate\Container\Container->offsetGet('blade.compiler')
#6 [internal function]: Illuminate\View\ViewServiceProvider->Illuminate\View\{closure}()
#7 D:\xampp7\htdocs\digoreste\vendor\laravel\framework\src\Illuminate\View\Engines\EngineResolver.php(54): call_user_func(Object(Closure))
#8 D:\xampp7\htdocs\digoreste\vendor\jeroennoten\laravel-package-helper\src\ServiceProviderTraits\Blade.php(30): Illuminate\View\Engines\EngineResolver->resolve('blade')
#9 D:\xampp7\htdocs\digoreste\vendor\jeroennoten\laravel-package-helper\src\ServiceProviderTraits\Blade.php(21): JeroenNoten\LaravelCkEditor\ServiceProvider->getBladeEngine()
#10 D:\xampp7\htdocs\digoreste\vendor\jeroennoten\laravel-package-helper\src\ServiceProviderTraits\BladeDirective.php(11): JeroenNoten\LaravelCkEditor\ServiceProvider->getBlade()
#11 D:\xampp7\htdocs\digoreste\vendor\jeroennoten\laravel-ckeditor\src\ServiceProvider.php(23): JeroenNoten\LaravelCkEditor\ServiceProvider->bladeDirective('ckeditor', 'JeroenNoten\\Lar...', 'editor')
#12 [internal function]: JeroenNoten\LaravelCkEditor\ServiceProvider->boot(Object(Illuminate\Routing\Router))
#13 D:\xampp7\htdocs\digoreste\vendor\laravel\framework\src\Illuminate\Container\Container.php(508): call_user_func_array(Array, Array)
#14 D:\xampp7\htdocs\digoreste\vendor\laravel\framework\src\Illuminate\Foundation\Application.php(769): Illuminate\Container\Container->call(Array)
#15 D:\xampp7\htdocs\digoreste\vendor\laravel\framework\src\Illuminate\Foundation\Application.php(752): Illuminate\Foundation\Application->bootProvider(Object(JeroenNoten\LaravelCkEditor\ServiceProvider))
#16 [internal function]: Illuminate\Foundation\Application->Illuminate\Foundation\{closure}(Object(JeroenNoten\LaravelCkEditor\ServiceProvider), 12)
#17 D:\xampp7\htdocs\digoreste\vendor\laravel\framework\src\Illuminate\Foundation\Application.php(753): array_walk(Array, Object(Closure))
#18 D:\xampp7\htdocs\digoreste\vendor\laravel\framework\src\Illuminate\Foundation\Bootstrap\BootProviders.php(17): Illuminate\Foundation\Application->boot()
#19 D:\xampp7\htdocs\digoreste\vendor\laravel\framework\src\Illuminate\Foundation\Application.php(203): Illuminate\Foundation\Bootstrap\BootProviders->bootstrap(Object(Illuminate\Foundation\Application))
#20 D:\xampp7\htdocs\digoreste\vendor\laravel\framework\src\Illuminate\Foundation\Console\Kernel.php(267): Illuminate\Foundation\Application->bootstrapWith(Array)
#21 D:\xampp7\htdocs\digoreste\vendor\laravel\framework\src\Illuminate\Foundation\Console\Kernel.php(113): Illuminate\Foundation\Console\Kernel->bootstrap()
#22 D:\xampp7\htdocs\digoreste\artisan(36): Illuminate\Foundation\Console\Kernel->handle(Object(Symfony\Component\Console\Input\ArgvInput), Object(Symfony\Component\Console\Output\ConsoleOutput))
#23 {main}  
[2020-02-01 21:51:23] local.ERROR: exception 'InvalidArgumentException' with message 'Please provide a valid cache path.' in D:\xampp7\htdocs\digoreste\vendor\laravel\framework\src\Illuminate\View\Compilers\Compiler.php:36
Stack trace:
#0 D:\xampp7\htdocs\digoreste\vendor\laravel\framework\src\Illuminate\View\ViewServiceProvider.php(77): Illuminate\View\Compilers\Compiler->__construct(Object(Illuminate\Filesystem\Filesystem), false)
#1 D:\xampp7\htdocs\digoreste\vendor\laravel\framework\src\Illuminate\Container\Container.php(746): Illuminate\View\ViewServiceProvider->Illuminate\View\{closure}(Object(Illuminate\Foundation\Application), Array)
#2 D:\xampp7\htdocs\digoreste\vendor\laravel\framework\src\Illuminate\Container\Container.php(644): Illuminate\Container\Container->build(Object(Closure), Array)
#3 D:\xampp7\htdocs\digoreste\vendor\laravel\framework\src\Illuminate\Foundation\Application.php(709): Illuminate\Container\Container->make('blade.compiler', Array)
#4 D:\xampp7\htdocs\digoreste\vendor\laravel\framework\src\Illuminate\Container\Container.php(1203): Illuminate\Foundation\Application->make('blade.compiler')
#5 D:\xampp7\htdocs\digoreste\vendor\laravel\framework\src\Illuminate\View\ViewServiceProvider.php(81): Illuminate\Container\Container->offsetGet('blade.compiler')
#6 [internal function]: Illuminate\View\ViewServiceProvider->Illuminate\View\{closure}()
#7 D:\xampp7\htdocs\digoreste\vendor\laravel\framework\src\Illuminate\View\Engines\EngineResolver.php(54): call_user_func(Object(Closure))
#8 D:\xampp7\htdocs\digoreste\vendor\jeroennoten\laravel-package-helper\src\ServiceProviderTraits\Blade.php(30): Illuminate\View\Engines\EngineResolver->resolve('blade')
#9 D:\xampp7\htdocs\digoreste\vendor\jeroennoten\laravel-package-helper\src\ServiceProviderTraits\Blade.php(21): JeroenNoten\LaravelCkEditor\ServiceProvider->getBladeEngine()
#10 D:\xampp7\htdocs\digoreste\vendor\jeroennoten\laravel-package-helper\src\ServiceProviderTraits\BladeDirective.php(11): JeroenNoten\LaravelCkEditor\ServiceProvider->getBlade()
#11 D:\xampp7\htdocs\digoreste\vendor\jeroennoten\laravel-ckeditor\src\ServiceProvider.php(23): JeroenNoten\LaravelCkEditor\ServiceProvider->bladeDirective('ckeditor', 'JeroenNoten\\Lar...', 'editor')
#12 [internal function]: JeroenNoten\LaravelCkEditor\ServiceProvider->boot(Object(Illuminate\Routing\Router))
#13 D:\xampp7\htdocs\digoreste\vendor\laravel\framework\src\Illuminate\Container\Container.php(508): call_user_func_array(Array, Array)
#14 D:\xampp7\htdocs\digoreste\vendor\laravel\framework\src\Illuminate\Foundation\Application.php(769): Illuminate\Container\Container->call(Array)
#15 D:\xampp7\htdocs\digoreste\vendor\laravel\framework\src\Illuminate\Foundation\Application.php(752): Illuminate\Foundation\Application->bootProvider(Object(JeroenNoten\LaravelCkEditor\ServiceProvider))
#16 [internal function]: Illuminate\Foundation\Application->Illuminate\Foundation\{closure}(Object(JeroenNoten\LaravelCkEditor\ServiceProvider), 12)
#17 D:\xampp7\htdocs\digoreste\vendor\laravel\framework\src\Illuminate\Foundation\Application.php(753): array_walk(Array, Object(Closure))
#18 D:\xampp7\htdocs\digoreste\vendor\laravel\framework\src\Illuminate\Foundation\Bootstrap\BootProviders.php(17): Illuminate\Foundation\Application->boot()
#19 D:\xampp7\htdocs\digoreste\vendor\laravel\framework\src\Illuminate\Foundation\Application.php(203): Illuminate\Foundation\Bootstrap\BootProviders->bootstrap(Object(Illuminate\Foundation\Application))
#20 D:\xampp7\htdocs\digoreste\vendor\laravel\framework\src\Illuminate\Foundation\Console\Kernel.php(267): Illuminate\Foundation\Application->bootstrapWith(Array)
#21 D:\xampp7\htdocs\digoreste\vendor\laravel\framework\src\Illuminate\Foundation\Console\Kernel.php(113): Illuminate\Foundation\Console\Kernel->bootstrap()
#22 D:\xampp7\htdocs\digoreste\artisan(36): Illuminate\Foundation\Console\Kernel->handle(Object(Symfony\Component\Console\Input\ArgvInput), Object(Symfony\Component\Console\Output\ConsoleOutput))
#23 {main}  
[2020-02-01 21:51:37] local.ERROR: exception 'InvalidArgumentException' with message 'Please provide a valid cache path.' in D:\xampp7\htdocs\digoreste\vendor\laravel\framework\src\Illuminate\View\Compilers\Compiler.php:36
Stack trace:
#0 D:\xampp7\htdocs\digoreste\vendor\laravel\framework\src\Illuminate\View\ViewServiceProvider.php(77): Illuminate\View\Compilers\Compiler->__construct(Object(Illuminate\Filesystem\Filesystem), false)
#1 D:\xampp7\htdocs\digoreste\vendor\laravel\framework\src\Illuminate\Container\Container.php(746): Illuminate\View\ViewServiceProvider->Illuminate\View\{closure}(Object(Illuminate\Foundation\Application), Array)
#2 D:\xampp7\htdocs\digoreste\vendor\laravel\framework\src\Illuminate\Container\Container.php(644): Illuminate\Container\Container->build(Object(Closure), Array)
#3 D:\xampp7\htdocs\digoreste\vendor\laravel\framework\src\Illuminate\Foundation\Application.php(709): Illuminate\Container\Container->make('blade.compiler', Array)
#4 D:\xampp7\htdocs\digoreste\vendor\laravel\framework\src\Illuminate\Container\Container.php(1203): Illuminate\Foundation\Application->make('blade.compiler')
#5 D:\xampp7\htdocs\digoreste\vendor\laravel\framework\src\Illuminate\View\ViewServiceProvider.php(81): Illuminate\Container\Container->offsetGet('blade.compiler')
#6 [internal function]: Illuminate\View\ViewServiceProvider->Illuminate\View\{closure}()
#7 D:\xampp7\htdocs\digoreste\vendor\laravel\framework\src\Illuminate\View\Engines\EngineResolver.php(54): call_user_func(Object(Closure))
#8 D:\xampp7\htdocs\digoreste\vendor\jeroennoten\laravel-package-helper\src\ServiceProviderTraits\Blade.php(30): Illuminate\View\Engines\EngineResolver->resolve('blade')
#9 D:\xampp7\htdocs\digoreste\vendor\jeroennoten\laravel-package-helper\src\ServiceProviderTraits\Blade.php(21): JeroenNoten\LaravelCkEditor\ServiceProvider->getBladeEngine()
#10 D:\xampp7\htdocs\digoreste\vendor\jeroennoten\laravel-package-helper\src\ServiceProviderTraits\BladeDirective.php(11): JeroenNoten\LaravelCkEditor\ServiceProvider->getBlade()
#11 D:\xampp7\htdocs\digoreste\vendor\jeroennoten\laravel-ckeditor\src\ServiceProvider.php(23): JeroenNoten\LaravelCkEditor\ServiceProvider->bladeDirective('ckeditor', 'JeroenNoten\\Lar...', 'editor')
#12 [internal function]: JeroenNoten\LaravelCkEditor\ServiceProvider->boot(Object(Illuminate\Routing\Router))
#13 D:\xampp7\htdocs\digoreste\vendor\laravel\framework\src\Illuminate\Container\Container.php(508): call_user_func_array(Array, Array)
#14 D:\xampp7\htdocs\digoreste\vendor\laravel\framework\src\Illuminate\Foundation\Application.php(769): Illuminate\Container\Container->call(Array)
#15 D:\xampp7\htdocs\digoreste\vendor\laravel\framework\src\Illuminate\Foundation\Application.php(752): Illuminate\Foundation\Application->bootProvider(Object(JeroenNoten\LaravelCkEditor\ServiceProvider))
#16 [internal function]: Illuminate\Foundation\Application->Illuminate\Foundation\{closure}(Object(JeroenNoten\LaravelCkEditor\ServiceProvider), 12)
#17 D:\xampp7\htdocs\digoreste\vendor\laravel\framework\src\Illuminate\Foundation\Application.php(753): array_walk(Array, Object(Closure))
#18 D:\xampp7\htdocs\digoreste\vendor\laravel\framework\src\Illuminate\Foundation\Bootstrap\BootProviders.php(17): Illuminate\Foundation\Application->boot()
#19 D:\xampp7\htdocs\digoreste\vendor\laravel\framework\src\Illuminate\Foundation\Application.php(203): Illuminate\Foundation\Bootstrap\BootProviders->bootstrap(Object(Illuminate\Foundation\Application))
#20 D:\xampp7\htdocs\digoreste\vendor\laravel\framework\src\Illuminate\Foundation\Console\Kernel.php(267): Illuminate\Foundation\Application->bootstrapWith(Array)
#21 D:\xampp7\htdocs\digoreste\vendor\laravel\framework\src\Illuminate\Foundation\Console\Kernel.php(113): Illuminate\Foundation\Console\Kernel->bootstrap()
#22 D:\xampp7\htdocs\digoreste\artisan(36): Illuminate\Foundation\Console\Kernel->handle(Object(Symfony\Component\Console\Input\ArgvInput), Object(Symfony\Component\Console\Output\ConsoleOutput))
#23 {main}  
[2020-02-01 21:54:53] local.ERROR: ErrorException: Undefined variable: size in D:\xampp7\htdocs\digoreste\app\Helpers\MyHelper.php:178
Stack trace:
#0 D:\xampp7\htdocs\digoreste\app\Helpers\MyHelper.php(178): Illuminate\Foundation\Bootstrap\HandleExceptions->handleError(8, 'Undefined varia...', 'D:\\xampp7\\htdoc...', 178, Array)
#1 D:\xampp7\htdocs\digoreste\app\Helpers\MyHelper.php(451): img_src('logo.png', Array)
#2 D:\xampp7\htdocs\digoreste\storage\framework\views\c6a915e976f800a201150983894b620c452f3690.php(8): img('logo.png')
#3 D:\xampp7\htdocs\digoreste\vendor\laravel\framework\src\Illuminate\View\Engines\PhpEngine.php(42): include('D:\\xampp7\\htdoc...')
#4 D:\xampp7\htdocs\digoreste\vendor\laravel\framework\src\Illuminate\View\Engines\CompilerEngine.php(59): Illuminate\View\Engines\PhpEngine->evaluatePath('D:\\xampp7\\htdoc...', Array)
#5 D:\xampp7\htdocs\digoreste\vendor\laravel\framework\src\Illuminate\View\View.php(149): Illuminate\View\Engines\CompilerEngine->get('D:\\xampp7\\htdoc...', Array)
#6 D:\xampp7\htdocs\digoreste\vendor\laravel\framework\src\Illuminate\View\View.php(120): Illuminate\View\View->getContents()
#7 D:\xampp7\htdocs\digoreste\vendor\laravel\framework\src\Illuminate\View\View.php(85): Illuminate\View\View->renderContents()
#8 D:\xampp7\htdocs\digoreste\storage\framework\views\95d9f410bafb8589b9e3d4f7619ab9b08da45f48.php(2): Illuminate\View\View->render()
#9 D:\xampp7\htdocs\digoreste\vendor\laravel\framework\src\Illuminate\View\Engines\PhpEngine.php(42): include('D:\\xampp7\\htdoc...')
#10 D:\xampp7\htdocs\digoreste\vendor\laravel\framework\src\Illuminate\View\Engines\CompilerEngine.php(59): Illuminate\View\Engines\PhpEngine->evaluatePath('D:\\xampp7\\htdoc...', Array)
#11 D:\xampp7\htdocs\digoreste\vendor\laravel\framework\src\Illuminate\View\View.php(149): Illuminate\View\Engines\CompilerEngine->get('D:\\xampp7\\htdoc...', Array)
#12 D:\xampp7\htdocs\digoreste\vendor\laravel\framework\src\Illuminate\View\View.php(120): Illuminate\View\View->getContents()
#13 D:\xampp7\htdocs\digoreste\vendor\laravel\framework\src\Illuminate\View\View.php(85): Illuminate\View\View->renderContents()
#14 D:\xampp7\htdocs\digoreste\vendor\laravel\framework\src\Illuminate\Http\Response.php(45): Illuminate\View\View->render()
#15 D:\xampp7\htdocs\digoreste\vendor\symfony\http-foundation\Response.php(201): Illuminate\Http\Response->setContent(Object(Illuminate\View\View))
#16 D:\xampp7\htdocs\digoreste\vendor\laravel\framework\src\Illuminate\Routing\Router.php(1028): Symfony\Component\HttpFoundation\Response->__construct(Object(Illuminate\View\View))
#17 D:\xampp7\htdocs\digoreste\vendor\laravel\framework\src\Illuminate\Routing\Router.php(653): Illuminate\Routing\Router->prepareResponse(Object(Illuminate\Http\Request), Object(Illuminate\View\View))
#18 D:\xampp7\htdocs\digoreste\vendor\laravel\framework\src\Illuminate\Routing\Pipeline.php(53): Illuminate\Routing\Router->Illuminate\Routing\{closure}(Object(Illuminate\Http\Request))
#19 D:\xampp7\htdocs\digoreste\vendor\laravel\framework\src\Illuminate\Routing\Middleware\SubstituteBindings.php(41): Illuminate\Routing\Pipeline->Illuminate\Routing\{closure}(Object(Illuminate\Http\Request))
#20 D:\xampp7\htdocs\digoreste\vendor\laravel\framework\src\Illuminate\Pipeline\Pipeline.php(137): Illuminate\Routing\Middleware\SubstituteBindings->handle(Object(Illuminate\Http\Request), Object(Closure))
#21 D:\xampp7\htdocs\digoreste\vendor\laravel\framework\src\Illuminate\Routing\Pipeline.php(33): Illuminate\Pipeline\Pipeline->Illuminate\Pipeline\{closure}(Object(Illuminate\Http\Request))
#22 D:\xampp7\htdocs\digoreste\vendor\laravel\framework\src\Illuminate\Foundation\Http\Middleware\VerifyCsrfToken.php(65): Illuminate\Routing\Pipeline->Illuminate\Routing\{closure}(Object(Illuminate\Http\Request))
#23 D:\xampp7\htdocs\digoreste\vendor\laravel\framework\src\Illuminate\Pipeline\Pipeline.php(137): Illuminate\Foundation\Http\Middleware\VerifyCsrfToken->handle(Object(Illuminate\Http\Request), Object(Closure))
#24 D:\xampp7\htdocs\digoreste\vendor\laravel\framework\src\Illuminate\Routing\Pipeline.php(33): Illuminate\Pipeline\Pipeline->Illuminate\Pipeline\{closure}(Object(Illuminate\Http\Request))
#25 D:\xampp7\htdocs\digoreste\vendor\laravel\framework\src\Illuminate\View\Middleware\ShareErrorsFromSession.php(49): Illuminate\Routing\Pipeline->Illuminate\Routing\{closure}(Object(Illuminate\Http\Request))
#26 D:\xampp7\htdocs\digoreste\vendor\laravel\framework\src\Illuminate\Pipeline\Pipeline.php(137): Illuminate\View\Middleware\ShareErrorsFromSession->handle(Object(Illuminate\Http\Request), Object(Closure))
#27 D:\xampp7\htdocs\digoreste\vendor\laravel\framework\src\Illuminate\Routing\Pipeline.php(33): Illuminate\Pipeline\Pipeline->Illuminate\Pipeline\{closure}(Object(Illuminate\Http\Request))
#28 D:\xampp7\htdocs\digoreste\vendor\laravel\framework\src\Illuminate\Session\Middleware\StartSession.php(64): Illuminate\Routing\Pipeline->Illuminate\Routing\{closure}(Object(Illuminate\Http\Request))
#29 D:\xampp7\htdocs\digoreste\vendor\laravel\framework\src\Illuminate\Pipeline\Pipeline.php(137): Illuminate\Session\Middleware\StartSession->handle(Object(Illuminate\Http\Request), Object(Closure))
#30 D:\xampp7\htdocs\digoreste\vendor\laravel\framework\src\Illuminate\Routing\Pipeline.php(33): Illuminate\Pipeline\Pipeline->Illuminate\Pipeline\{closure}(Object(Illuminate\Http\Request))
#31 D:\xampp7\htdocs\digoreste\vendor\laravel\framework\src\Illuminate\Cookie\Middleware\AddQueuedCookiesToResponse.php(37): Illuminate\Routing\Pipeline->Illuminate\Routing\{closure}(Object(Illuminate\Http\Request))
#32 D:\xampp7\htdocs\digoreste\vendor\laravel\framework\src\Illuminate\Pipeline\Pipeline.php(137): Illuminate\Cookie\Middleware\AddQueuedCookiesToResponse->handle(Object(Illuminate\Http\Request), Object(Closure))
#33 D:\xampp7\htdocs\digoreste\vendor\laravel\framework\src\Illuminate\Routing\Pipeline.php(33): Illuminate\Pipeline\Pipeline->Illuminate\Pipeline\{closure}(Object(Illuminate\Http\Request))
#34 D:\xampp7\htdocs\digoreste\vendor\laravel\framework\src\Illuminate\Cookie\Middleware\EncryptCookies.php(59): Illuminate\Routing\Pipeline->Illuminate\Routing\{closure}(Object(Illuminate\Http\Request))
#35 D:\xampp7\htdocs\digoreste\vendor\laravel\framework\src\Illuminate\Pipeline\Pipeline.php(137): Illuminate\Cookie\Middleware\EncryptCookies->handle(Object(Illuminate\Http\Request), Object(Closure))
#36 D:\xampp7\htdocs\digoreste\vendor\laravel\framework\src\Illuminate\Routing\Pipeline.php(33): Illuminate\Pipeline\Pipeline->Illuminate\Pipeline\{closure}(Object(Illuminate\Http\Request))
#37 D:\xampp7\htdocs\digoreste\vendor\laravel\framework\src\Illuminate\Pipeline\Pipeline.php(104): Illuminate\Routing\Pipeline->Illuminate\Routing\{closure}(Object(Illuminate\Http\Request))
#38 D:\xampp7\htdocs\digoreste\vendor\laravel\framework\src\Illuminate\Routing\Router.php(655): Illuminate\Pipeline\Pipeline->then(Object(Closure))
#39 D:\xampp7\htdocs\digoreste\vendor\laravel\framework\src\Illuminate\Routing\Router.php(629): Illuminate\Routing\Router->runRouteWithinStack(Object(Illuminate\Routing\Route), Object(Illuminate\Http\Request))
#40 D:\xampp7\htdocs\digoreste\vendor\laravel\framework\src\Illuminate\Routing\Router.php(607): Illuminate\Routing\Router->dispatchToRoute(Object(Illuminate\Http\Request))
#41 D:\xampp7\htdocs\digoreste\vendor\laravel\framework\src\Illuminate\Foundation\Http\Kernel.php(268): Illuminate\Routing\Router->dispatch(Object(Illuminate\Http\Request))
#42 D:\xampp7\htdocs\digoreste\vendor\laravel\framework\src\Illuminate\Routing\Pipeline.php(53): Illuminate\Foundation\Http\Kernel->Illuminate\Foundation\Http\{closure}(Object(Illuminate\Http\Request))
#43 D:\xampp7\htdocs\digoreste\app\Http\Middleware\CompressHtml.php(55): Illuminate\Routing\Pipeline->Illuminate\Routing\{closure}(Object(Illuminate\Http\Request))
#44 D:\xampp7\htdocs\digoreste\vendor\laravel\framework\src\Illuminate\Pipeline\Pipeline.php(137): App\Http\Middleware\CompressHtml->handle(Object(Illuminate\Http\Request), Object(Closure))
#45 D:\xampp7\htdocs\digoreste\vendor\laravel\framework\src\Illuminate\Routing\Pipeline.php(33): Illuminate\Pipeline\Pipeline->Illuminate\Pipeline\{closure}(Object(Illuminate\Http\Request))
#46 D:\xampp7\htdocs\digoreste\vendor\laravel\framework\src\Illuminate\Foundation\Http\Middleware\CheckForMaintenanceMode.php(46): Illuminate\Routing\Pipeline->Illuminate\Routing\{closure}(Object(Illuminate\Http\Request))
#47 D:\xampp7\htdocs\digoreste\vendor\laravel\framework\src\Illuminate\Pipeline\Pipeline.php(137): Illuminate\Foundation\Http\Middleware\CheckForMaintenanceMode->handle(Object(Illuminate\Http\Request), Object(Closure))
#48 D:\xampp7\htdocs\digoreste\vendor\laravel\framework\src\Illuminate\Routing\Pipeline.php(33): Illuminate\Pipeline\Pipeline->Illuminate\Pipeline\{closure}(Object(Illuminate\Http\Request))
#49 D:\xampp7\htdocs\digoreste\vendor\laravel\framework\src\Illuminate\Pipeline\Pipeline.php(104): Illuminate\Routing\Pipeline->Illuminate\Routing\{closure}(Object(Illuminate\Http\Request))
#50 D:\xampp7\htdocs\digoreste\vendor\laravel\framework\src\Illuminate\Foundation\Http\Kernel.php(150): Illuminate\Pipeline\Pipeline->then(Object(Closure))
#51 D:\xampp7\htdocs\digoreste\vendor\laravel\framework\src\Illuminate\Foundation\Http\Kernel.php(117): Illuminate\Foundation\Http\Kernel->sendRequestThroughRouter(Object(Illuminate\Http\Request))
#52 D:\xampp7\htdocs\digoreste\public\index.php(53): Illuminate\Foundation\Http\Kernel->handle(Object(Illuminate\Http\Request))
#53 D:\xampp7\htdocs\digoreste\index.php(2): require('D:\\xampp7\\htdoc...')
#54 {main}

Next ErrorException: Undefined variable: size (View: D:\xampp7\htdocs\digoreste\resources\views\site\includes\header.blade.php) in D:\xampp7\htdocs\digoreste\app\Helpers\MyHelper.php:178
Stack trace:
#0 D:\xampp7\htdocs\digoreste\vendor\laravel\framework\src\Illuminate\View\Engines\PhpEngine.php(44): Illuminate\View\Engines\CompilerEngine->handleViewException(Object(ErrorException), 3)
#1 D:\xampp7\htdocs\digoreste\vendor\laravel\framework\src\Illuminate\View\Engines\CompilerEngine.php(59): Illuminate\View\Engines\PhpEngine->evaluatePath('D:\\xampp7\\htdoc...', Array)
#2 D:\xampp7\htdocs\digoreste\vendor\laravel\framework\src\Illuminate\View\View.php(149): Illuminate\View\Engines\CompilerEngine->get('D:\\xampp7\\htdoc...', Array)
#3 D:\xampp7\htdocs\digoreste\vendor\laravel\framework\src\Illuminate\View\View.php(120): Illuminate\View\View->getContents()
#4 D:\xampp7\htdocs\digoreste\vendor\laravel\framework\src\Illuminate\View\View.php(85): Illuminate\View\View->renderContents()
#5 D:\xampp7\htdocs\digoreste\storage\framework\views\95d9f410bafb8589b9e3d4f7619ab9b08da45f48.php(2): Illuminate\View\View->render()
#6 D:\xampp7\htdocs\digoreste\vendor\laravel\framework\src\Illuminate\View\Engines\PhpEngine.php(42): include('D:\\xampp7\\htdoc...')
#7 D:\xampp7\htdocs\digoreste\vendor\laravel\framework\src\Illuminate\View\Engines\CompilerEngine.php(59): Illuminate\View\Engines\PhpEngine->evaluatePath('D:\\xampp7\\htdoc...', Array)
#8 D:\xampp7\htdocs\digoreste\vendor\laravel\framework\src\Illuminate\View\View.php(149): Illuminate\View\Engines\CompilerEngine->get('D:\\xampp7\\htdoc...', Array)
#9 D:\xampp7\htdocs\digoreste\vendor\laravel\framework\src\Illuminate\View\View.php(120): Illuminate\View\View->getContents()
#10 D:\xampp7\htdocs\digoreste\vendor\laravel\framework\src\Illuminate\View\View.php(85): Illuminate\View\View->renderContents()
#11 D:\xampp7\htdocs\digoreste\vendor\laravel\framework\src\Illuminate\Http\Response.php(45): Illuminate\View\View->render()
#12 D:\xampp7\htdocs\digoreste\vendor\symfony\http-foundation\Response.php(201): Illuminate\Http\Response->setContent(Object(Illuminate\View\View))
#13 D:\xampp7\htdocs\digoreste\vendor\laravel\framework\src\Illuminate\Routing\Router.php(1028): Symfony\Component\HttpFoundation\Response->__construct(Object(Illuminate\View\View))
#14 D:\xampp7\htdocs\digoreste\vendor\laravel\framework\src\Illuminate\Routing\Router.php(653): Illuminate\Routing\Router->prepareResponse(Object(Illuminate\Http\Request), Object(Illuminate\View\View))
#15 D:\xampp7\htdocs\digoreste\vendor\laravel\framework\src\Illuminate\Routing\Pipeline.php(53): Illuminate\Routing\Router->Illuminate\Routing\{closure}(Object(Illuminate\Http\Request))
#16 D:\xampp7\htdocs\digoreste\vendor\laravel\framework\src\Illuminate\Routing\Middleware\SubstituteBindings.php(41): Illuminate\Routing\Pipeline->Illuminate\Routing\{closure}(Object(Illuminate\Http\Request))
#17 D:\xampp7\htdocs\digoreste\vendor\laravel\framework\src\Illuminate\Pipeline\Pipeline.php(137): Illuminate\Routing\Middleware\SubstituteBindings->handle(Object(Illuminate\Http\Request), Object(Closure))
#18 D:\xampp7\htdocs\digoreste\vendor\laravel\framework\src\Illuminate\Routing\Pipeline.php(33): Illuminate\Pipeline\Pipeline->Illuminate\Pipeline\{closure}(Object(Illuminate\Http\Request))
#19 D:\xampp7\htdocs\digoreste\vendor\laravel\framework\src\Illuminate\Foundation\Http\Middleware\VerifyCsrfToken.php(65): Illuminate\Routing\Pipeline->Illuminate\Routing\{closure}(Object(Illuminate\Http\Request))
#20 D:\xampp7\htdocs\digoreste\vendor\laravel\framework\src\Illuminate\Pipeline\Pipeline.php(137): Illuminate\Foundation\Http\Middleware\VerifyCsrfToken->handle(Object(Illuminate\Http\Request), Object(Closure))
#21 D:\xampp7\htdocs\digoreste\vendor\laravel\framework\src\Illuminate\Routing\Pipeline.php(33): Illuminate\Pipeline\Pipeline->Illuminate\Pipeline\{closure}(Object(Illuminate\Http\Request))
#22 D:\xampp7\htdocs\digoreste\vendor\laravel\framework\src\Illuminate\View\Middleware\ShareErrorsFromSession.php(49): Illuminate\Routing\Pipeline->Illuminate\Routing\{closure}(Object(Illuminate\Http\Request))
#23 D:\xampp7\htdocs\digoreste\vendor\laravel\framework\src\Illuminate\Pipeline\Pipeline.php(137): Illuminate\View\Middleware\ShareErrorsFromSession->handle(Object(Illuminate\Http\Request), Object(Closure))
#24 D:\xampp7\htdocs\digoreste\vendor\laravel\framework\src\Illuminate\Routing\Pipeline.php(33): Illuminate\Pipeline\Pipeline->Illuminate\Pipeline\{closure}(Object(Illuminate\Http\Request))
#25 D:\xampp7\htdocs\digoreste\vendor\laravel\framework\src\Illuminate\Session\Middleware\StartSession.php(64): Illuminate\Routing\Pipeline->Illuminate\Routing\{closure}(Object(Illuminate\Http\Request))
#26 D:\xampp7\htdocs\digoreste\vendor\laravel\framework\src\Illuminate\Pipeline\Pipeline.php(137): Illuminate\Session\Middleware\StartSession->handle(Object(Illuminate\Http\Request), Object(Closure))
#27 D:\xampp7\htdocs\digoreste\vendor\laravel\framework\src\Illuminate\Routing\Pipeline.php(33): Illuminate\Pipeline\Pipeline->Illuminate\Pipeline\{closure}(Object(Illuminate\Http\Request))
#28 D:\xampp7\htdocs\digoreste\vendor\laravel\framework\src\Illuminate\Cookie\Middleware\AddQueuedCookiesToResponse.php(37): Illuminate\Routing\Pipeline->Illuminate\Routing\{closure}(Object(Illuminate\Http\Request))
#29 D:\xampp7\htdocs\digoreste\vendor\laravel\framework\src\Illuminate\Pipeline\Pipeline.php(137): Illuminate\Cookie\Middleware\AddQueuedCookiesToResponse->handle(Object(Illuminate\Http\Request), Object(Closure))
#30 D:\xampp7\htdocs\digoreste\vendor\laravel\framework\src\Illuminate\Routing\Pipeline.php(33): Illuminate\Pipeline\Pipeline->Illuminate\Pipeline\{closure}(Object(Illuminate\Http\Request))
#31 D:\xampp7\htdocs\digoreste\vendor\laravel\framework\src\Illuminate\Cookie\Middleware\EncryptCookies.php(59): Illuminate\Routing\Pipeline->Illuminate\Routing\{closure}(Object(Illuminate\Http\Request))
#32 D:\xampp7\htdocs\digoreste\vendor\laravel\framework\src\Illuminate\Pipeline\Pipeline.php(137): Illuminate\Cookie\Middleware\EncryptCookies->handle(Object(Illuminate\Http\Request), Object(Closure))
#33 D:\xampp7\htdocs\digoreste\vendor\laravel\framework\src\Illuminate\Routing\Pipeline.php(33): Illuminate\Pipeline\Pipeline->Illuminate\Pipeline\{closure}(Object(Illuminate\Http\Request))
#34 D:\xampp7\htdocs\digoreste\vendor\laravel\framework\src\Illuminate\Pipeline\Pipeline.php(104): Illuminate\Routing\Pipeline->Illuminate\Routing\{closure}(Object(Illuminate\Http\Request))
#35 D:\xampp7\htdocs\digoreste\vendor\laravel\framework\src\Illuminate\Routing\Router.php(655): Illuminate\Pipeline\Pipeline->then(Object(Closure))
#36 D:\xampp7\htdocs\digoreste\vendor\laravel\framework\src\Illuminate\Routing\Router.php(629): Illuminate\Routing\Router->runRouteWithinStack(Object(Illuminate\Routing\Route), Object(Illuminate\Http\Request))
#37 D:\xampp7\htdocs\digoreste\vendor\laravel\framework\src\Illuminate\Routing\Router.php(607): Illuminate\Routing\Router->dispatchToRoute(Object(Illuminate\Http\Request))
#38 D:\xampp7\htdocs\digoreste\vendor\laravel\framework\src\Illuminate\Foundation\Http\Kernel.php(268): Illuminate\Routing\Router->dispatch(Object(Illuminate\Http\Request))
#39 D:\xampp7\htdocs\digoreste\vendor\laravel\framework\src\Illuminate\Routing\Pipeline.php(53): Illuminate\Foundation\Http\Kernel->Illuminate\Foundation\Http\{closure}(Object(Illuminate\Http\Request))
#40 D:\xampp7\htdocs\digoreste\app\Http\Middleware\CompressHtml.php(55): Illuminate\Routing\Pipeline->Illuminate\Routing\{closure}(Object(Illuminate\Http\Request))
#41 D:\xampp7\htdocs\digoreste\vendor\laravel\framework\src\Illuminate\Pipeline\Pipeline.php(137): App\Http\Middleware\CompressHtml->handle(Object(Illuminate\Http\Request), Object(Closure))
#42 D:\xampp7\htdocs\digoreste\vendor\laravel\framework\src\Illuminate\Routing\Pipeline.php(33): Illuminate\Pipeline\Pipeline->Illuminate\Pipeline\{closure}(Object(Illuminate\Http\Request))
#43 D:\xampp7\htdocs\digoreste\vendor\laravel\framework\src\Illuminate\Foundation\Http\Middleware\CheckForMaintenanceMode.php(46): Illuminate\Routing\Pipeline->Illuminate\Routing\{closure}(Object(Illuminate\Http\Request))
#44 D:\xampp7\htdocs\digoreste\vendor\laravel\framework\src\Illuminate\Pipeline\Pipeline.php(137): Illuminate\Foundation\Http\Middleware\CheckForMaintenanceMode->handle(Object(Illuminate\Http\Request), Object(Closure))
#45 D:\xampp7\htdocs\digoreste\vendor\laravel\framework\src\Illuminate\Routing\Pipeline.php(33): Illuminate\Pipeline\Pipeline->Illuminate\Pipeline\{closure}(Object(Illuminate\Http\Request))
#46 D:\xampp7\htdocs\digoreste\vendor\laravel\framework\src\Illuminate\Pipeline\Pipeline.php(104): Illuminate\Routing\Pipeline->Illuminate\Routing\{closure}(Object(Illuminate\Http\Request))
#47 D:\xampp7\htdocs\digoreste\vendor\laravel\framework\src\Illuminate\Foundation\Http\Kernel.php(150): Illuminate\Pipeline\Pipeline->then(Object(Closure))
#48 D:\xampp7\htdocs\digoreste\vendor\laravel\framework\src\Illuminate\Foundation\Http\Kernel.php(117): Illuminate\Foundation\Http\Kernel->sendRequestThroughRouter(Object(Illuminate\Http\Request))
#49 D:\xampp7\htdocs\digoreste\public\index.php(53): Illuminate\Foundation\Http\Kernel->handle(Object(Illuminate\Http\Request))
#50 D:\xampp7\htdocs\digoreste\index.php(2): require('D:\\xampp7\\htdoc...')
#51 {main}

Next ErrorException: Undefined variable: size (View: D:\xampp7\htdocs\digoreste\resources\views\site\includes\header.blade.php) (View: D:\xampp7\htdocs\digoreste\resources\views\site\includes\header.blade.php) in D:\xampp7\htdocs\digoreste\app\Helpers\MyHelper.php:178
Stack trace:
#0 D:\xampp7\htdocs\digoreste\vendor\laravel\framework\src\Illuminate\View\Engines\PhpEngine.php(44): Illuminate\View\Engines\CompilerEngine->handleViewException(Object(ErrorException), 1)
#1 D:\xampp7\htdocs\digoreste\vendor\laravel\framework\src\Illuminate\View\Engines\CompilerEngine.php(59): Illuminate\View\Engines\PhpEngine->evaluatePath('D:\\xampp7\\htdoc...', Array)
#2 D:\xampp7\htdocs\digoreste\vendor\laravel\framework\src\Illuminate\View\View.php(149): Illuminate\View\Engines\CompilerEngine->get('D:\\xampp7\\htdoc...', Array)
#3 D:\xampp7\htdocs\digoreste\vendor\laravel\framework\src\Illuminate\View\View.php(120): Illuminate\View\View->getContents()
#4 D:\xampp7\htdocs\digoreste\vendor\laravel\framework\src\Illuminate\View\View.php(85): Illuminate\View\View->renderContents()
#5 D:\xampp7\htdocs\digoreste\vendor\laravel\framework\src\Illuminate\Http\Response.php(45): Illuminate\View\View->render()
#6 D:\xampp7\htdocs\digoreste\vendor\symfony\http-foundation\Response.php(201): Illuminate\Http\Response->setContent(Object(Illuminate\View\View))
#7 D:\xampp7\htdocs\digoreste\vendor\laravel\framework\src\Illuminate\Routing\Router.php(1028): Symfony\Component\HttpFoundation\Response->__construct(Object(Illuminate\View\View))
#8 D:\xampp7\htdocs\digoreste\vendor\laravel\framework\src\Illuminate\Routing\Router.php(653): Illuminate\Routing\Router->prepareResponse(Object(Illuminate\Http\Request), Object(Illuminate\View\View))
#9 D:\xampp7\htdocs\digoreste\vendor\laravel\framework\src\Illuminate\Routing\Pipeline.php(53): Illuminate\Routing\Router->Illuminate\Routing\{closure}(Object(Illuminate\Http\Request))
#10 D:\xampp7\htdocs\digoreste\vendor\laravel\framework\src\Illuminate\Routing\Middleware\SubstituteBindings.php(41): Illuminate\Routing\Pipeline->Illuminate\Routing\{closure}(Object(Illuminate\Http\Request))
#11 D:\xampp7\htdocs\digoreste\vendor\laravel\framework\src\Illuminate\Pipeline\Pipeline.php(137): Illuminate\Routing\Middleware\SubstituteBindings->handle(Object(Illuminate\Http\Request), Object(Closure))
#12 D:\xampp7\htdocs\digoreste\vendor\laravel\framework\src\Illuminate\Routing\Pipeline.php(33): Illuminate\Pipeline\Pipeline->Illuminate\Pipeline\{closure}(Object(Illuminate\Http\Request))
#13 D:\xampp7\htdocs\digoreste\vendor\laravel\framework\src\Illuminate\Foundation\Http\Middleware\VerifyCsrfToken.php(65): Illuminate\Routing\Pipeline->Illuminate\Routing\{closure}(Object(Illuminate\Http\Request))
#14 D:\xampp7\htdocs\digoreste\vendor\laravel\framework\src\Illuminate\Pipeline\Pipeline.php(137): Illuminate\Foundation\Http\Middleware\VerifyCsrfToken->handle(Object(Illuminate\Http\Request), Object(Closure))
#15 D:\xampp7\htdocs\digoreste\vendor\laravel\framework\src\Illuminate\Routing\Pipeline.php(33): Illuminate\Pipeline\Pipeline->Illuminate\Pipeline\{closure}(Object(Illuminate\Http\Request))
#16 D:\xampp7\htdocs\digoreste\vendor\laravel\framework\src\Illuminate\View\Middleware\ShareErrorsFromSession.php(49): Illuminate\Routing\Pipeline->Illuminate\Routing\{closure}(Object(Illuminate\Http\Request))
#17 D:\xampp7\htdocs\digoreste\vendor\laravel\framework\src\Illuminate\Pipeline\Pipeline.php(137): Illuminate\View\Middleware\ShareErrorsFromSession->handle(Object(Illuminate\Http\Request), Object(Closure))
#18 D:\xampp7\htdocs\digoreste\vendor\laravel\framework\src\Illuminate\Routing\Pipeline.php(33): Illuminate\Pipeline\Pipeline->Illuminate\Pipeline\{closure}(Object(Illuminate\Http\Request))
#19 D:\xampp7\htdocs\digoreste\vendor\laravel\framework\src\Illuminate\Session\Middleware\StartSession.php(64): Illuminate\Routing\Pipeline->Illuminate\Routing\{closure}(Object(Illuminate\Http\Request))
#20 D:\xampp7\htdocs\digoreste\vendor\laravel\framework\src\Illuminate\Pipeline\Pipeline.php(137): Illuminate\Session\Middleware\StartSession->handle(Object(Illuminate\Http\Request), Object(Closure))
#21 D:\xampp7\htdocs\digoreste\vendor\laravel\framework\src\Illuminate\Routing\Pipeline.php(33): Illuminate\Pipeline\Pipeline->Illuminate\Pipeline\{closure}(Object(Illuminate\Http\Request))
#22 D:\xampp7\htdocs\digoreste\vendor\laravel\framework\src\Illuminate\Cookie\Middleware\AddQueuedCookiesToResponse.php(37): Illuminate\Routing\Pipeline->Illuminate\Routing\{closure}(Object(Illuminate\Http\Request))
#23 D:\xampp7\htdocs\digoreste\vendor\laravel\framework\src\Illuminate\Pipeline\Pipeline.php(137): Illuminate\Cookie\Middleware\AddQueuedCookiesToResponse->handle(Object(Illuminate\Http\Request), Object(Closure))
#24 D:\xampp7\htdocs\digoreste\vendor\laravel\framework\src\Illuminate\Routing\Pipeline.php(33): Illuminate\Pipeline\Pipeline->Illuminate\Pipeline\{closure}(Object(Illuminate\Http\Request))
#25 D:\xampp7\htdocs\digoreste\vendor\laravel\framework\src\Illuminate\Cookie\Middleware\EncryptCookies.php(59): Illuminate\Routing\Pipeline->Illuminate\Routing\{closure}(Object(Illuminate\Http\Request))
#26 D:\xampp7\htdocs\digoreste\vendor\laravel\framework\src\Illuminate\Pipeline\Pipeline.php(137): Illuminate\Cookie\Middleware\EncryptCookies->handle(Object(Illuminate\Http\Request), Object(Closure))
#27 D:\xampp7\htdocs\digoreste\vendor\laravel\framework\src\Illuminate\Routing\Pipeline.php(33): Illuminate\Pipeline\Pipeline->Illuminate\Pipeline\{closure}(Object(Illuminate\Http\Request))
#28 D:\xampp7\htdocs\digoreste\vendor\laravel\framework\src\Illuminate\Pipeline\Pipeline.php(104): Illuminate\Routing\Pipeline->Illuminate\Routing\{closure}(Object(Illuminate\Http\Request))
#29 D:\xampp7\htdocs\digoreste\vendor\laravel\framework\src\Illuminate\Routing\Router.php(655): Illuminate\Pipeline\Pipeline->then(Object(Closure))
#30 D:\xampp7\htdocs\digoreste\vendor\laravel\framework\src\Illuminate\Routing\Router.php(629): Illuminate\Routing\Router->runRouteWithinStack(Object(Illuminate\Routing\Route), Object(Illuminate\Http\Request))
#31 D:\xampp7\htdocs\digoreste\vendor\laravel\framework\src\Illuminate\Routing\Router.php(607): Illuminate\Routing\Router->dispatchToRoute(Object(Illuminate\Http\Request))
#32 D:\xampp7\htdocs\digoreste\vendor\laravel\framework\src\Illuminate\Foundation\Http\Kernel.php(268): Illuminate\Routing\Router->dispatch(Object(Illuminate\Http\Request))
#33 D:\xampp7\htdocs\digoreste\vendor\laravel\framework\src\Illuminate\Routing\Pipeline.php(53): Illuminate\Foundation\Http\Kernel->Illuminate\Foundation\Http\{closure}(Object(Illuminate\Http\Request))
#34 D:\xampp7\htdocs\digoreste\app\Http\Middleware\CompressHtml.php(55): Illuminate\Routing\Pipeline->Illuminate\Routing\{closure}(Object(Illuminate\Http\Request))
#35 D:\xampp7\htdocs\digoreste\vendor\laravel\framework\src\Illuminate\Pipeline\Pipeline.php(137): App\Http\Middleware\CompressHtml->handle(Object(Illuminate\Http\Request), Object(Closure))
#36 D:\xampp7\htdocs\digoreste\vendor\laravel\framework\src\Illuminate\Routing\Pipeline.php(33): Illuminate\Pipeline\Pipeline->Illuminate\Pipeline\{closure}(Object(Illuminate\Http\Request))
#37 D:\xampp7\htdocs\digoreste\vendor\laravel\framework\src\Illuminate\Foundation\Http\Middleware\CheckForMaintenanceMode.php(46): Illuminate\Routing\Pipeline->Illuminate\Routing\{closure}(Object(Illuminate\Http\Request))
#38 D:\xampp7\htdocs\digoreste\vendor\laravel\framework\src\Illuminate\Pipeline\Pipeline.php(137): Illuminate\Foundation\Http\Middleware\CheckForMaintenanceMode->handle(Object(Illuminate\Http\Request), Object(Closure))
#39 D:\xampp7\htdocs\digoreste\vendor\laravel\framework\src\Illuminate\Routing\Pipeline.php(33): Illuminate\Pipeline\Pipeline->Illuminate\Pipeline\{closure}(Object(Illuminate\Http\Request))
#40 D:\xampp7\htdocs\digoreste\vendor\laravel\framework\src\Illuminate\Pipeline\Pipeline.php(104): Illuminate\Routing\Pipeline->Illuminate\Routing\{closure}(Object(Illuminate\Http\Request))
#41 D:\xampp7\htdocs\digoreste\vendor\laravel\framework\src\Illuminate\Foundation\Http\Kernel.php(150): Illuminate\Pipeline\Pipeline->then(Object(Closure))
#42 D:\xampp7\htdocs\digoreste\vendor\laravel\framework\src\Illuminate\Foundation\Http\Kernel.php(117): Illuminate\Foundation\Http\Kernel->sendRequestThroughRouter(Object(Illuminate\Http\Request))
#43 D:\xampp7\htdocs\digoreste\public\index.php(53): Illuminate\Foundation\Http\Kernel->handle(Object(Illuminate\Http\Request))
#44 D:\xampp7\htdocs\digoreste\index.php(2): require('D:\\xampp7\\htdoc...')
#45 {main}  
